<?xml version="1.0" encoding="UTF-8"?>
<testsuite name="com.example.AutoTellerMachineTest" tests="3" skipped="0" failures="0" errors="0" timestamp="2021-08-18T13:39:33" hostname="Vishaps-MBP" time="0.027">
  <properties/>
  <testcase name="should print a receipt if money is withdrawn successfully" classname="com.example.AutoTellerMachineTest" time="0.023"/>
  <testcase name="should print an error if banking service throws an Exception" classname="com.example.AutoTellerMachineTest" time="0.001"/>
  <testcase name="should print an erro if amount entered is invalid" classname="com.example.AutoTellerMachineTest" time="0.001"/>
  <system-out><![CDATA[]]></system-out>
  <system-err><![CDATA[]]></system-err>
</testsuite>
